<?xml version="1.0" encoding="utf-8"?><testsuites name="pytest tests"><testsuite name="pytest" errors="0" failures="0" skipped="4" tests="79" time="9.978" timestamp="2025-09-22T20:26:42.361995+00:00" hostname="runnervmifolv"><testcase classname="tests.test_ack_heartbeat" name="test_apply_updates_status_file" time="0.009" /><testcase classname="tests.test_ack_heartbeat" name="test_ack_updates_status_file" time="0.012" /><testcase classname="tests.test_ack_timeout" name="test_ack_timeout_triggers_emergency" time="0.062" /><testcase classname="tests.test_ack_watchdog_ack_success" name="test_ack_watchdog_no_retry_on_ack" time="0.106" /><testcase classname="tests.test_ack_watchdog_delayed_ack" name="test_ack_watchdog_clears_retries_when_ack_arrives" time="3.011" /><testcase classname="tests.test_ack_watchdog_integration" name="test_monitor_ack_timeout_triggers_emergency_and_clears" time="0.012" /><testcase classname="tests.test_ack_watchdog_requeue_escalation" name="test_ack_watchdog_retries_and_escalates" time="0.093" /><testcase classname="tests.test_braking_era" name="test_era_distance_monotonic" time="0.005" /><testcase classname="tests.test_braking_v0" name="test_curve_equals_limit_at_zero_distance" time="0.001" /><testcase classname="tests.test_braking_v0" name="test_allowed_increases_with_distance" time="0.001" /><testcase classname="tests.test_braking_v0" name="test_phase_brake_when_target_below_now" time="0.001" /><testcase classname="tests.test_collector_retry" name="test_retry_decorator_recovers_after_transient_failure" time="0.004" /><testcase classname="tests.test_collector_retry" name="test_retry_decorator_raises_after_exhaustion" time="0.004" /><testcase classname="tests.test_common_controls" name="test_common_controls_uses_profiles_controls" time="0.001" /><testcase classname="tests.test_common_controls" name="test_common_controls_fallback_on_missing_profiles" time="0.001" /><testcase classname="tests.test_control_safety" name="test_map_a_req_to_brake_bounds" time="0.001" /><testcase classname="tests.test_control_safety" name="test_apply_brake_clamps_and_returns" time="0.002" /><testcase classname="tests.test_control_safety" name="test_stale_data_detection" time="0.001" /><testcase classname="tests.test_control_stale" name="test_stale_detection_skips_processing" time="0.002" /><testcase classname="tests.test_control_stale" name="test_stale_detection_accepts_recent" time="0.007" /><testcase classname="tests.test_controls" name="test_canonicalize_basic" time="0.001" /><testcase classname="tests.test_controls" name="test_canonicalize_normalization" time="0.001" /><testcase classname="tests.test_controls_aliases" name="test_canonicalize_known_aliases" time="0.001" /><testcase classname="tests.test_controls_aliases" name="test_canonicalize_unknown" time="0.001" /><testcase classname="tests.test_controls_invariants" name="test_aliases_map_uniquely" time="0.001" /><testcase classname="tests.test_controls_invariants" name="test_canonicalize_all_aliases" time="0.002" /><testcase classname="tests.test_csv_logger" name="test_csv_logger_header_once_and_append" time="0.006" /><testcase classname="tests.test_csv_logger" name="test_csv_header_and_extension" time="0.006" /><testcase classname="tests.test_db_check" name="test_db_check_connect_and_write" time="0.244" /><testcase classname="tests.test_db_health_prometheus" name="test_db_health_prometheus_writes_file" time="0.115" /><testcase classname="tests.test_derive_and_runstore_wal" name="test_parsing_regional_additional_cases" time="0.001" /><testcase classname="tests.test_derive_and_runstore_wal" name="test_derive_speed_from_two_samples" time="0.001" /><testcase classname="tests.test_derive_and_runstore_wal" name="test_runstore_latest_since_with_wal" time="0.048" /><testcase classname="tests.test_dist_next_limit" name="test_dist_from_getdata_probes_alignment" time="0.011" /><testcase classname="tests.test_drain_lua_bus" name="test_drain_incremental" time="0.014" /><testcase classname="tests.test_e2e_harness" name="test_e2e_simple_flow" time="0.523" /><testcase classname="tests.test_events_normalization" name="test_normalize_getdata_next_limit_maps_meta" time="0.001" /><testcase classname="tests.test_events_normalize" name="test_normalize_speed_limit" time="0.001" /><testcase classname="tests.test_events_normalize" name="test_normalize_marker" time="0.001" /><testcase classname="tests.test_events_normalize" name="test_normalize_stop" time="0.001" /><testcase classname="tests.test_events_schema" name="test_events_min_schema" time="0.000"><skipped type="pytest.skip" message="no events.jsonl yet">D:\a\TrainSimAI\TrainSimAI\tests\test_events_schema.py:11: no events.jsonl yet</skipped></testcase><testcase classname="tests.test_guards" name="test_rate_limiter_caps_delta" time="0.001" /><testcase classname="tests.test_guards" name="test_overspeed_guard_monotonic" time="0.001" /><testcase classname="tests.test_guards_extra" name="test_rate_limiter_basic" time="0.001" /><testcase classname="tests.test_guards_extra" name="test_overspeed_guard_aggressive" time="0.001" /><testcase classname="tests.test_integration_existing_files" name="test_events_have_meta_and_twall_if_present" time="0.001"><skipped type="pytest.skip" message="No hay data/events/events.jsonl en este entorno">D:\a\TrainSimAI\TrainSimAI\tests\test_integration_existing_files.py:29: No hay data/events/events.jsonl en este entorno</skipped></testcase><testcase classname="tests.test_integration_existing_files" name="test_run_dist_has_column_if_present" time="0.001"><skipped type="pytest.skip" message="No hay data/runs/run.dist.csv en este entorno">D:\a\TrainSimAI\TrainSimAI\tests\test_integration_existing_files.py:46: No hay data/runs/run.dist.csv en este entorno</skipped></testcase><testcase classname="tests.test_jerk_limiter" name="test_jerk_limits_rate_and_output" time="0.001" /><testcase classname="tests.test_profiles" name="test_load_braking_profile_basic" time="0.005" /><testcase classname="tests.test_profiles" name="test_cli_override_wins" time="0.002" /><testcase classname="tests.test_prom_control_metrics" name="test_prom_includes_control_status" time="0.006" /><testcase classname="tests.test_prom_wrapper" name="test_render_prom_file" time="0.005" /><testcase classname="tests.test_rd_client_ack" name="test_ack_and_emergency_on_missing_ack" time="0.153" /><testcase classname="tests.test_rd_client_controls" name="test_make_rd_resolves_indices" time="0.001" /><testcase classname="tests.test_rd_client_controls" name="test_make_rd_uses_injected_control_aliases" time="0.001" /><testcase classname="tests.test_rd_client_metrics" name="test_metrics_presence_and_behavior" time="0.007" /><testcase classname="tests.test_rd_client_scenarios" name="test_ack_recovery_before_max_retries" time="0.273" /><testcase classname="tests.test_rd_client_scenarios" name="test_transient_driver_errors_do_not_cause_emergency" time="0.252" /><testcase classname="tests.test_rd_client_watchdog" name="test_watchdog_confirms_before_max_retries" time="0.211" /><testcase classname="tests.test_rd_client_watchdog" name="test_watchdog_escalates_on_missing_ack" time="0.314" /><testcase classname="tests.test_rd_dll_choice" name="test_choose_correct_dll" time="0.007" /><testcase classname="tests.test_real_smoke" name="test_real_smoke_check" time="0.001"><skipped type="pytest.skip" message="Skipping real tests: no TSC_RD_DLL_DIR/RAILWORKS_PLUGINS or TSC_RD configured on this runner">D:\a\TrainSimAI\TrainSimAI\tests\test_real_smoke.py:30: Skipping real tests: no TSC_RD_DLL_DIR/RAILWORKS_PLUGINS or TSC_RD configured on this runner</skipped></testcase><testcase classname="tests.test_run_store_sqlite" name="test_runstore_insert_and_latest" time="0.038" /><testcase classname="tests.test_run_store_sqlite" name="test_runstore_skip_missing_t_wall" time="0.038" /><testcase classname="tests.test_run_store_sqlite_pragmas" name="test_run_store_pragmas_tmpdb" time="0.032" /><testcase classname="tests.test_safety_example" name="test_emergency_path_isolated" time="0.053" /><testcase classname="tests.test_safety_example" name="test_ack_watchdog_enqueue" time="0.001" /><testcase classname="tests.test_safety_example" name="test_retry_exhaustion_triggers_emergency" time="0.001" /><testcase classname="tests.test_sanity" name="test_sanity" time="0.001" /><testcase classname="tests.test_scripts_db_health" name="test_db_health_exit_codes" time="0.117" /><testcase classname="tests.test_tail_csv_last_row" name="test_tail_csv_last_row_semicolon" time="0.002" /><testcase classname="tests.test_utils_conversion" name="test_to_float_loose" time="0.001" /><testcase classname="tests.test_validate_kpi" name="test_kpis_basic" time="0.004" /><testcase classname="tests.test_validate_run" name="test_reader_handles_semicolon_and_limits" time="0.009" /><testcase classname="tests.test_virtual_brake_mappings" name="test_virtual_brake_and_engine_brake_detected" time="0.002" /><testcase classname="tests.test_virtual_brake_mappings" name="test_shim_set_brake_affects_fake_driver" time="0.053" /><testcase classname="tools.test_control_simple" name="test_basic_functionality" time="0.034" /><testcase classname="tools.test_control_simple" name="test_imports" time="0.001" /><testcase classname="tools.test_control_simple" name="test_simple_control_loop" time="3.004" /></testsuite></testsuites>
